GET /api/open/get-tax 304 46.284 ms
GET /api/open/categories 304 45.905 ms
GET /api/open/get-scroll-cards 304 50.227 ms
GET /api/open/get-adds-images 304 51.517 ms
GET /api/open/carousel 304 51.910 ms
GET /api/open/get-products?page=1&limit=8 304 123.122 ms
GET /api/user/get-cart/670652bbd92c8041760d4730 304 171.019 ms
GET /api/open/get-menu-items 304 657.716 ms
GET /api/open/details/66fe336566e72cee08b698cd 304 54.699 ms
POST /api/open/post-history 200 72.855 ms
GET /api/user/get-all-reviews/66fe336566e72cee08b698cd 304 185.294 ms
GET /api/open/get-company 304 121.042 ms
GET /api/open/get-tax 304 123.900 ms
GET /api/open/details/66fe336566e72cee08b698cd 304 121.361 ms
GET /api/open/categories 304 128.819 ms
GET /api/open/get-menu-items 304 768.322 ms
POST /api/open/post-history 200 49.211 ms
GET /api/open/get-company 304 188.772 ms
GET /api/open/categories 304 193.726 ms
GET /api/open/get-tax 304 206.862 ms
GET /api/open/get-menu-items 304 472.337 ms
GET /api/user/get-address/670652bbd92c8041760d4730 304 148.588 ms
POST /api/open/post-history 200 79.619 ms
GET /api/user/get-all-payment-method 304 255.571 ms
GET /api/open/get-tax 304 167.642 ms
GET /api/open/get-menu-items 304 178.214 ms
GET /api/open/categories 304 209.768 ms
GET /api/open/get-company 304 224.350 ms
GET /api/open/get-scroll-cards 304 77.249 ms
GET /api/open/carousel 304 76.604 ms
GET /api/open/get-adds-images 304 85.805 ms
GET /api/open/get-products?page=1&limit=8 304 587.084 ms
GET /api/admin/get-all-products 304 179.973 ms
GET /api/admin/get-all-products 304 67.129 ms
GET /api/open/get-company 304 73.735 ms
GET /api/admin/all-user 304 44.189 ms
GET /api/admin/get-history/670652bbd92c8041760d4730 200 122.590 ms
GET /api/open/get-tax 304 98.033 ms
GET /api/open/get-scroll-cards 304 96.382 ms
GET /api/open/get-adds-images 304 97.902 ms
GET /api/open/categories 304 106.130 ms
GET /api/open/carousel 200 159.264 ms
GET /api/user/get-cart/670652bbd92c8041760d4730 304 242.792 ms
GET /api/open/get-products?page=1&limit=8 304 180.849 ms
GET /api/open/get-menu-items 304 666.868 ms
DELETE /api/admin/delete-carousel/6707b5cd75c94b3cafbe747b 200 159.694 ms
GET /api/open/carousel 200 54.435 ms
DELETE /api/admin/delete-carousel/6707b5e575c94b3cafbe7481 200 270.565 ms
GET /api/open/carousel 200 148.125 ms
DELETE /api/admin/delete-carousel/6707b5e575c94b3cafbe7481 500 173.717 ms
DELETE /api/admin/delete-carousel/6707b5e675c94b3cafbe7483 200 138.517 ms
DELETE /api/admin/delete-carousel/6707b5e675c94b3cafbe7483 500 66.908 ms
GET /api/open/carousel 200 153.113 ms
DELETE /api/admin/delete-carousel/6707b5f675c94b3cafbe7486 200 133.155 ms
GET /api/open/carousel 200 69.986 ms
GET /api/open/carousel 304 80.444 ms
GET /api/open/get-company 304 84.752 ms
POST /api/admin/add-carousel 200 8229.347 ms
GET /api/open/carousel 200 72.051 ms
POST /api/admin/add-carousel 200 5431.176 ms
GET /api/open/carousel 200 44.558 ms
POST /api/admin/add-carousel 200 4904.471 ms
GET /api/open/carousel 200 102.842 ms
GET /api/open/get-tax 304 125.981 ms
GET /api/open/categories 304 127.194 ms
GET /api/open/get-products?page=1&limit=8 304 183.895 ms
GET /api/user/get-cart/670652bbd92c8041760d4730 304 308.958 ms
GET /api/open/get-adds-images 304 354.551 ms
GET /api/open/get-scroll-cards 304 369.795 ms
GET /api/open/get-menu-items 304 629.629 ms
GET /api/user/get-cart/670652bbd92c8041760d4730 401 11.958 ms
GET /api/open/get-company 200 158.044 ms
POST /api/userAuth/logout-user/undefined 400 1.160 ms
GET /api/open/get-tax 304 148.126 ms
GET /api/open/categories 304 147.457 ms
GET /api/open/get-scroll-cards 304 146.535 ms
GET /api/open/get-menu-items 304 337.852 ms
GET /api/open/carousel 200 108.144 ms
GET /api/open/get-products?page=1&limit=8 200 146.621 ms
GET /api/open/get-adds-images 304 631.813 ms
GET /api/admin/get-all-products 401 0.495 ms
DELETE /api/admin/delete-carousel/6708cb3f3f99d09d32dcdd49 401 0.457 ms
POST /api/adminAuth/login-admin 200 5081.379 ms
POST /api/adminAuth/verify-otp-admin 200 81.136 ms
GET /api/admin/get-all-products 200 72.051 ms
DELETE /api/admin/delete-carousel/6708cb3f3f99d09d32dcdd49 200 3695.435 ms
DELETE /api/admin/delete-carousel/6708cb3f3f99d09d32dcdd49 500 141.452 ms
POST /api/admin/add-carousel 200 8678.822 ms
GET /api/open/carousel 200 111.345 ms
POST /api/admin/add-carousel 200 5049.705 ms
GET /api/open/carousel 200 206.870 ms
POST /api/admin/add-carousel - - ms
GET /api/open/get-company 304 460.825 ms
GET /api/open/carousel 304 474.730 ms
POST /api/admin/add-carousel 200 8366.704 ms
GET /api/open/carousel 200 62.415 ms
DELETE /api/admin/delete-carousel/670a295aea208a4c356b0482 200 3543.063 ms
GET /api/open/carousel 200 398.909 ms
GET /api/user/get-cart/670652bbd92c8041760d4730 401 0.283 ms
POST /api/userAuth/logout-user/undefined 400 0.710 ms
GET /api/open/get-tax 304 3050.894 ms
GET /api/open/get-scroll-cards - - ms
GET /api/open/categories - - ms
GET /api/open/get-adds-images - - ms
GET /api/open/get-menu-items - - ms
GET /api/open/get-products?page=1&limit=8 - - ms
GET /api/user/get-cart/670652bbd92c8041760d4730 401 0.300 ms
POST /api/userAuth/logout-user/undefined 400 0.658 ms
GET /api/open/get-menu-items 200 1996.849 ms
GET /api/open/categories 200 2009.285 ms
GET /api/open/get-company 304 2046.736 ms
GET /api/open/get-scroll-cards 200 2748.893 ms
GET /api/open/get-adds-images 200 2775.212 ms
GET /api/open/carousel 304 718.342 ms
GET /api/open/get-products?page=1&limit=8 200 2788.650 ms
GET /api/open/get-tax 304 740.478 ms
GET /api/user/get-all-reviews/66fe336566e72cee08b698cd 401 0.489 ms
GET /api/open/details/66fe336566e72cee08b698cd 200 763.570 ms
POST /api/open/post-history 200 787.165 ms
GET /api/open/categories 304 712.642 ms
GET /api/open/details/66fe336566e72cee08b698cd 304 719.555 ms
GET /api/open/get-company 304 735.351 ms
GET /api/open/get-tax 304 757.728 ms
GET /api/open/get-menu-items 304 1558.283 ms
POST /api/user/like 401 0.348 ms
GET /api/user/get-cart/670652bbd92c8041760d4730 401 0.345 ms
GET /api/user/get-all-reviews/66fe336566e72cee08b698cd 401 0.321 ms
POST /api/userAuth/logout-user/undefined 400 0.509 ms
GET /api/user/get-address/670652bbd92c8041760d4730 401 0.334 ms
POST /api/open/post-history 200 959.082 ms
POST /api/userAuth/logout-user/670652bbd92c8041760d4730 200 1.557 ms
GET /api/user/get-cart/null 401 0.326 ms
POST /api/userAuth/logout-user/undefined 400 0.439 ms
POST /api/open/post-history 200 1849.434 ms
GET /api/open/get-tax 304 8095.744 ms
GET /api/open/get-company 304 8107.553 ms
GET /api/open/categories 304 8115.833 ms
POST /api/userAuth/login-user 200 7733.512 ms
GET /api/open/get-menu-items 304 18905.176 ms
GET /api/open/get-company 304 2837.164 ms
