POST /api/adminAuth/logout-admin 200 4.967 ms
GET /api/open/get-company 304 194.533 ms
GET /api/open/carousel 200 196.191 ms
DELETE /api/admin/delete-carousel/6708cb763f99d09d32dcdd4d 200 4635.957 ms
DELETE /api/admin/delete-carousel/6708d4dab67e163d3940bae0 200 642.943 ms
GET /api/open/carousel 200 83.186 ms
DELETE /api/admin/delete-carousel/6708cb763f99d09d32dcdd4d 200 3536.937 ms
GET /api/open/carousel 304 122.592 ms
GET /api/open/get-company 304 129.918 ms
POST /api/adminAuth/logout-admin 200 6.450 ms
POST /api/open/post-history 200 604.582 ms
GET /api/open/get-company 304 1282.217 ms
GET /api/open/get-menu-items 304 1298.980 ms
GET /api/open/get-tax 304 1303.282 ms
GET /api/user/get-cart/670ce8cc1ef5c625679ebec2 304 1460.857 ms
GET /api/open/categories 304 1963.356 ms
GET /api/user/get-address/670ce8cc1ef5c625679ebec2 304 2123.869 ms
GET /api/open/get-company 304 122.605 ms
GET /api/open/get-tax 304 156.594 ms
GET /api/open/categories 304 196.159 ms
GET /api/open/get-menu-items 304 484.470 ms
GET /api/open/get-company 304 73.294 ms
GET /api/open/get-tax 304 68.226 ms
GET /api/open/categories 304 63.677 ms
POST /api/open/post-history 200 59.853 ms
GET /api/user/get-address/670ce8cc1ef5c625679ebec2 304 124.307 ms
GET /api/user/get-cart/670ce8cc1ef5c625679ebec2 304 140.423 ms
GET /api/open/get-menu-items 304 363.982 ms
GET /api/open/get-company 304 85.762 ms
GET /api/open/get-tax 304 84.901 ms
GET /api/open/categories 304 86.651 ms
GET /api/open/get-menu-items 304 312.822 ms
GET /api/open/get-company 304 116.747 ms
GET /api/open/get-menu-items 304 117.369 ms
GET /api/open/get-tax 304 117.280 ms
GET /api/open/categories 304 116.541 ms
POST /api/open/post-history 200 110.748 ms
GET /api/user/get-cart/670ce8cc1ef5c625679ebec2 304 215.726 ms
GET /api/user/get-address/670ce8cc1ef5c625679ebec2 304 210.183 ms
GET /api/open/get-company 304 53.573 ms
GET /api/open/get-menu-items 304 71.802 ms
GET /api/open/get-tax 304 77.272 ms
GET /api/open/categories 304 78.146 ms
GET /api/open/get-company 304 113.891 ms
GET /api/open/get-menu-items 304 111.454 ms
GET /api/open/get-tax 304 109.871 ms
GET /api/open/categories 304 114.480 ms
GET /api/user/get-cart/670ce8cc1ef5c625679ebec2 304 160.816 ms
GET /api/user/get-address/670ce8cc1ef5c625679ebec2 304 116.069 ms
POST /api/open/post-history 200 378.087 ms
GET /api/open/get-menu-items 304 43.489 ms
GET /api/open/get-company 304 55.349 ms
GET /api/open/get-tax 304 43.172 ms
GET /api/open/categories 304 45.387 ms
PUT /api/user/update-profile 200 5822.098 ms
GET /api/user/get-address/670ce8cc1ef5c625679ebec2 - - ms
GET /api/user/get-cart/670ce8cc1ef5c625679ebec2 - - ms
POST /api/open/post-history 200 66.902 ms
GET /api/open/get-company 304 41.188 ms
GET /api/open/get-menu-items 304 43.048 ms
GET /api/open/get-tax 304 47.178 ms
GET /api/user/get-cart/670ce8cc1ef5c625679ebec2 200 110.640 ms
GET /api/user/get-address/670ce8cc1ef5c625679ebec2 200 113.130 ms
GET /api/open/categories 304 299.583 ms
GET /api/open/get-company 304 45.253 ms
GET /api/open/categories 304 40.719 ms
GET /api/open/get-tax 304 52.775 ms
GET /api/open/get-menu-items 304 207.207 ms
PUT /api/user/update-profile-data/670ce8cc1ef5c625679ebec2 200 212.502 ms
GET /api/user/get-cart/670ce8cc1ef5c625679ebec2 304 97.773 ms
GET /api/user/get-address/670ce8cc1ef5c625679ebec2 304 88.872 ms
GET /api/open/get-menu-items 304 35.905 ms
GET /api/open/get-company 304 58.029 ms
GET /api/open/get-tax 304 53.351 ms
GET /api/open/categories 304 64.386 ms
POST /api/open/post-history 200 69.388 ms
GET /api/user/get-cart/670ce8cc1ef5c625679ebec2 304 98.937 ms
GET /api/user/get-address/670ce8cc1ef5c625679ebec2 304 108.456 ms
GET /api/open/get-menu-items 304 64.881 ms
GET /api/open/get-company 304 65.459 ms
GET /api/open/categories 304 62.490 ms
GET /api/open/get-tax 304 67.634 ms
GET /api/open/get-company 304 50.728 ms
GET /api/admin/avg-of-mmonth 500 61.868 ms
GET /api/open/get-company 304 61.467 ms
GET /api/admin/avg-of-mmonth 200 97.388 ms
GET /api/admin/avg-of-mmonth 401 0.321 ms
GET /api/open/get-company 304 63.462 ms
GET /api/admin/avg-of-mmonth 401 0.873 ms
GET /api/open/get-company 304 50.501 ms
GET /api/admin/avg-of-mmonth 401 0.322 ms
GET /api/open/get-company 304 41.480 ms
GET /api/open/get-company 304 50.121 ms
GET /api/admin/avg-of-mmonth 304 54.907 ms
GET /api/open/get-company 304 37.009 ms
GET /api/admin/avg-of-mmonth 304 53.078 ms
GET /api/open/get-company 304 66.559 ms
GET /api/admin/avg-of-mmonth 304 65.131 ms
GET /api/open/get-company 304 63.914 ms
GET /api/admin/avg-of-mmonth 304 60.868 ms
POST /api/user/add-address 401 0.241 ms
GET /api/user/get-cart/670ce8cc1ef5c625679ebec2 401 0.303 ms
GET /api/user/get-address/670ce8cc1ef5c625679ebec2 401 0.282 ms
POST /api/userAuth/logout-user/undefined 400 0.766 ms
GET /api/user/get-address/670ce8cc1ef5c625679ebec2 401 0.259 ms
POST /api/open/post-history 200 57.763 ms
GET /api/open/categories 304 45.758 ms
GET /api/open/get-tax 304 51.124 ms
GET /api/open/get-company 304 46.778 ms
GET /api/open/get-menu-items 304 541.195 ms
POST /api/userAuth/logout-user/670ce8cc1ef5c625679ebec2 200 1.188 ms
POST /api/open/post-history 200 56.362 ms
GET /api/user/get-cart/null 401 0.855 ms
POST /api/userAuth/logout-user/undefined 400 0.645 ms
GET /api/open/get-company 304 71.500 ms
GET /api/open/get-tax 304 80.809 ms
GET /api/open/categories 304 92.279 ms
GET /api/open/get-menu-items 304 90.716 ms
POST /api/userAuth/login-user 200 157.790 ms
POST /api/userAuth/verify-otp-user 200 54.178 ms
POST /api/open/post-history 200 60.174 ms
GET /api/open/carousel 304 53.027 ms
GET /api/open/get-scroll-cards 304 65.361 ms
GET /api/user/get-cart/670652bbd92c8041760d4730 200 196.264 ms
GET /api/open/get-products?page=1&limit=8 304 291.011 ms
GET /api/open/get-adds-images 304 330.186 ms
GET /api/open/get-company 304 44.770 ms
GET /api/open/get-tax 304 59.899 ms
GET /api/open/categories 304 58.623 ms
GET /api/open/carousel 304 55.101 ms
GET /api/open/get-adds-images 304 43.666 ms
GET /api/open/get-menu-items 304 288.876 ms
GET /api/open/get-products?page=1&limit=8 304 242.069 ms
GET /api/open/get-scroll-cards 304 497.866 ms
GET /api/open/details/66fe336566e72cee08b698cd 304 39.712 ms
POST /api/open/post-history 200 65.211 ms
GET /api/user/get-all-reviews/66fe336566e72cee08b698cd 304 96.207 ms
GET /api/open/get-tax 304 63.873 ms
GET /api/open/get-company 304 108.117 ms
GET /api/open/categories 304 105.921 ms
GET /api/open/details/66fe336566e72cee08b698cd 304 112.728 ms
GET /api/open/get-menu-items 304 297.921 ms
POST /api/open/post-history 200 44.029 ms
GET /api/open/details/66fe336566e72cee08b698cd 304 45.594 ms
GET /api/open/get-tax 304 60.657 ms
GET /api/open/categories 304 54.639 ms
GET /api/user/get-address/670652bbd92c8041760d4730 304 139.077 ms
GET /api/open/get-company 304 66.246 ms
GET /api/open/get-menu-items 304 77.619 ms
POST /api/open/post-history 200 56.426 ms
GET /api/user/get-all-payment-method 304 99.521 ms
GET /api/open/get-menu-items 304 41.013 ms
GET /api/open/get-tax 304 54.224 ms
GET /api/open/categories 304 53.275 ms
GET /api/open/get-company 304 51.517 ms
POST /api/user/create-order 200 905.466 ms
GET /api/open/get-adds-images 304 64.466 ms
GET /api/open/carousel 304 74.461 ms
GET /api/user/get-all-payment-method 304 105.673 ms
GET /api/open/get-products?page=1&limit=8 200 156.799 ms
GET /api/user/get-cart/670652bbd92c8041760d4730 200 170.624 ms
GET /api/open/get-scroll-cards 304 296.914 ms
GET /api/admin/all-orders 304 199.392 ms
GET /api/admin/get-all-products 304 100.124 ms
GET /api/admin/all-user 304 58.292 ms
GET /api/open/carousel 304 51.044 ms
GET /api/open/get-company 304 104.572 ms
GET /api/open/get-tax 304 84.843 ms
GET /api/open/carousel 304 44.967 ms
GET /api/user/get-cart/670652bbd92c8041760d4730 304 199.837 ms
GET /api/open/get-menu-items 304 234.077 ms
GET /api/open/get-adds-images 304 275.060 ms
GET /api/open/get-products?page=1&limit=8 304 235.572 ms
GET /api/open/categories 304 386.464 ms
GET /api/open/get-scroll-cards 304 408.154 ms
POST /api/open/post-history 200 71.150 ms
GET /api/user/get-address/670652bbd92c8041760d4730 304 143.003 ms
GET /api/open/get-company 304 48.928 ms
GET /api/open/get-tax 304 54.369 ms
GET /api/open/get-menu-items 304 60.361 ms
GET /api/open/categories 304 62.328 ms
GET /api/open/get-scroll-cards 304 47.779 ms
GET /api/open/carousel 304 44.692 ms
GET /api/open/get-adds-images 304 51.667 ms
GET /api/open/get-products?page=1&limit=8 304 114.852 ms
POST /api/open/post-history 200 63.422 ms
GET /api/open/get-company 304 75.254 ms
GET /api/open/get-tax 304 74.898 ms
GET /api/open/categories 304 74.784 ms
GET /api/open/get-menu-items 304 255.517 ms
GET /api/open/get-company 304 158.803 ms
GET /api/open/get-tax 304 156.299 ms
GET /api/admin/get-company-addresses 304 153.038 ms
PUT /api/admin/update-company-address/67037fd964dabc951181eae4 400 6.608 ms
GET /api/open/get-tax 304 66.973 ms
GET /api/admin/get-company-addresses 304 105.874 ms
GET /api/open/get-company 304 148.636 ms
PUT /api/admin/update-company-address/67037fd964dabc951181eae4 400 5.503 ms
GET /api/open/get-tax 304 82.106 ms
GET /api/open/get-company 304 86.693 ms
GET /api/open/get-tax - - ms
GET /api/open/get-company 200 50.068 ms
GET /api/admin/get-company-addresses 200 49.178 ms
GET /api/open/get-tax 200 59.178 ms
GET /api/open/get-company 304 45.632 ms
GET /api/admin/get-all-products 304 173.311 ms
DELETE /api/admin/permanent-delete-product/670b62a917ae6f3149e2bc90 200 75.543 ms
GET /api/open/get-company 304 48.457 ms
GET /api/admin/get-all-products 200 335.726 ms
GET /api/open/get-company 304 74.158 ms
GET /api/admin/get-all-products 304 391.799 ms
DELETE /api/admin/permanent-delete-product/670b63deeb5678897335f071 200 51.079 ms
GET /api/admin/get-all-products 200 209.236 ms
DELETE /api/admin/permanent-delete-product/670b6357eb5678897335f06e 200 71.001 ms
GET /api/admin/get-all-products 200 275.960 ms
DELETE /api/admin/permanent-delete-product/670b62aa17ae6f3149e2bc92 200 72.825 ms
GET /api/admin/get-all-products 200 159.524 ms
DELETE /api/admin/permanent-delete-product/670b62ac17ae6f3149e2bc96 200 46.852 ms
GET /api/admin/get-all-products 200 184.826 ms
DELETE /api/admin/permanent-delete-product/670b62ab17ae6f3149e2bc94 200 42.095 ms
GET /api/admin/get-all-products 200 501.762 ms
GET /api/open/get-company 304 39.182 ms
GET /api/admin/get-all-products 304 211.395 ms
GET /api/open/get-company 304 57.069 ms
GET /api/admin/all-user 304 59.501 ms
GET /api/open/get-company 304 46.836 ms
GET /api/admin/all-user 304 459.010 ms
GET /api/open/get-company 304 88.736 ms
GET /api/admin/all-user 304 524.125 ms
GET /api/open/get-company 304 65.528 ms
GET /api/admin/all-user 304 210.140 ms
GET /api/open/get-company 304 71.757 ms
GET /api/admin/all-user 304 538.172 ms
GET /api/user/get-cart/null 409 0.780 ms
GET /api/open/get-menu-items 304 53.650 ms
GET /api/open/get-tax 304 54.342 ms
GET /api/open/categories 304 54.855 ms
GET /api/open/carousel 304 55.463 ms
GET /api/open/get-scroll-cards 304 72.961 ms
POST /api/userAuth/logout-user/null 400 1.609 ms
GET /api/open/get-products?page=1&limit=8 200 225.186 ms
GET /api/open/get-adds-images 304 567.677 ms
POST /api/userAuth/login-user 200 178.124 ms
GET /api/user/get-cart/null 409 0.412 ms
GET /api/open/get-company 304 367.306 ms
GET /api/open/get-tax 304 367.058 ms
GET /api/open/categories 304 597.865 ms
GET /api/open/get-menu-items 304 1117.255 ms
POST /api/userAuth/logout-user/null 400 1.198 ms
POST /api/userAuth/login-user 200 105.897 ms
POST /api/userAuth/verify-otp-user 200 45.478 ms
POST /api/open/post-history 200 77.244 ms
GET /api/user/get-cart/670652bbd92c8041760d4730 200 122.734 ms
GET /api/open/carousel 304 50.438 ms
GET /api/open/get-scroll-cards 304 221.123 ms
GET /api/open/get-adds-images 304 221.632 ms
GET /api/open/get-products?page=1&limit=8 304 448.560 ms
GET /api/open/categories 304 57.299 ms
GET /api/open/get-tax 304 64.004 ms
GET /api/open/get-company 304 71.936 ms
GET /api/open/carousel 304 60.000 ms
GET /api/open/get-adds-images 304 44.131 ms
GET /api/open/get-scroll-cards 304 326.216 ms
GET /api/open/get-menu-items 304 452.472 ms
GET /api/open/get-products?page=1&limit=8 304 508.250 ms
POST /api/open/post-history 200 54.009 ms
GET /api/user/get-address/670652bbd92c8041760d4730 304 77.352 ms
GET /api/open/get-company 304 40.698 ms
GET /api/open/categories 304 47.838 ms
GET /api/open/get-tax 304 48.871 ms
GET /api/open/get-menu-items 304 188.855 ms
GET /api/admin/get-schedules 409 0.307 ms
POST /api/open/post-history 200 209.597 ms
GET /api/user/get-all-reviews/6713778299cf2e9eb067f55a 304 233.321 ms
POST /api/open/add-view 200 223.082 ms
GET /api/open/details/6713778299cf2e9eb067f55a 304 262.537 ms
GET /api/open/get-tax 304 46.496 ms
GET /api/open/categories 304 74.405 ms
GET /api/open/details/6713778299cf2e9eb067f55a 304 73.229 ms
GET /api/open/get-company 304 90.343 ms
GET /api/open/get-menu-items 304 694.415 ms
GET /api/open/get-scroll-cards 304 65.244 ms
GET /api/open/carousel 304 65.033 ms
GET /api/open/get-adds-images 304 74.489 ms
GET /api/open/get-products?page=1&limit=8 304 469.490 ms
GET /api/admin/get-schedules 409 0.229 ms
GET /api/open/details/672ed7e84444a25864a1ea19 304 44.948 ms
POST /api/open/post-history 200 53.672 ms
POST /api/open/add-view 200 94.830 ms
GET /api/open/get-company 304 33.386 ms
GET /api/open/get-tax 304 43.741 ms
GET /api/open/categories 304 43.766 ms
GET /api/open/details/672ed7e84444a25864a1ea19 304 40.319 ms
GET /api/open/get-menu-items 304 643.928 ms
GET /api/open/get-adds-images 304 84.642 ms
GET /api/open/get-scroll-cards 304 98.547 ms
GET /api/open/carousel 304 106.711 ms
GET /api/open/get-products?page=1&limit=8 304 220.459 ms
GET /api/admin/get-schedules 409 0.395 ms
POST /api/open/post-history 200 87.384 ms
POST /api/open/add-view 200 164.298 ms
GET /api/open/details/672ed7e84444a25864a1ea19 200 50.239 ms
GET /api/open/categories 304 63.495 ms
GET /api/open/get-company 304 79.493 ms
GET /api/open/get-tax 304 84.504 ms
GET /api/open/get-menu-items 304 281.676 ms
GET /api/open/categories 304 56.281 ms
GET /api/open/get-tax 304 81.269 ms
GET /api/open/get-company 304 91.171 ms
GET /api/open/get-menu-items 304 96.135 ms
GET /api/admin/get-schedules 409 0.327 ms
GET /api/user/get-all-reviews/672ed7e84444a25864a1ea19 304 101.977 ms
POST /api/open/post-history 200 44.249 ms
GET /api/open/details/672ed7e84444a25864a1ea19 304 52.527 ms
GET /api/user/get-cart/6713cdac565856b74db1df71 304 154.905 ms
POST /api/open/add-view 200 79.928 ms
GET /api/open/categories 304 44.289 ms
GET /api/open/get-tax 304 43.927 ms
GET /api/open/get-company 304 42.085 ms
GET /api/open/details/672ed7e84444a25864a1ea19 304 41.267 ms
GET /api/open/get-menu-items 304 48.040 ms
GET /api/admin/get-schedules 409 0.477 ms
POST /api/open/post-history 200 72.613 ms
POST /api/open/add-view 200 127.661 ms
GET /api/open/details/672ed7e84444a25864a1ea19 304 57.855 ms
GET /api/open/get-tax 304 73.784 ms
GET /api/open/categories 304 85.696 ms
GET /api/open/get-company 304 82.983 ms
GET /api/open/get-menu-items 304 80.885 ms
GET /api/open/get-adds-images 304 59.979 ms
GET /api/open/carousel 304 61.749 ms
GET /api/open/get-scroll-cards 304 72.603 ms
GET /api/open/get-products?page=1&limit=8 200 234.887 ms
GET /api/open/get-company 304 80.842 ms
GET /api/open/get-tax 304 76.675 ms
GET /api/open/categories 304 71.278 ms
GET /api/open/carousel 304 38.459 ms
GET /api/open/get-adds-images 304 66.191 ms
GET /api/user/get-cart/6713cdac565856b74db1df71 304 182.360 ms
GET /api/open/get-menu-items 304 229.998 ms
GET /api/open/get-products?page=1&limit=8 304 174.306 ms
GET /api/admin/get-schedules 409 0.372 ms
GET /api/open/details/672ed7e84444a25864a1ea19 200 64.255 ms
POST /api/open/post-history 200 55.134 ms
POST /api/open/add-view 200 89.442 ms
GET /api/user/get-all-reviews/672ed7e84444a25864a1ea19 304 109.609 ms
GET /api/open/get-scroll-cards 304 3585.852 ms
GET /api/open/categories 304 48.099 ms
GET /api/open/get-tax 304 62.796 ms
GET /api/open/get-company 304 78.846 ms
GET /api/open/get-menu-items 304 60.898 ms
GET /api/open/details/672ed7e84444a25864a1ea19 304 56.020 ms
GET /api/user/get-all-payment-method 304 415.440 ms
POST /api/user/razorpay 200 1989.120 ms
GET /api/user/get-address/6713cdac565856b74db1df71 304 121.887 ms
GET /api/user/get-all-payment-method 304 123.143 ms
POST /api/user/verify-payment 500 481.618 ms
GET /api/user/get-all-payment-method 304 85.680 ms
GET /api/user/get-address/6713cdac565856b74db1df71 304 104.561 ms
GET /api/open/get-tax 304 73.659 ms
GET /api/user/get-address/6713cdac565856b74db1df71 304 164.241 ms
GET /api/user/get-all-payment-method 304 126.880 ms
POST /api/user/razorpay 200 1170.920 ms
GET /api/user/get-address/6713cdac565856b74db1df71 304 102.044 ms
GET /api/user/get-all-payment-method 304 109.468 ms
POST /api/user/verify-payment 500 333.200 ms
GET /api/user/get-address/6713cdac565856b74db1df71 304 130.206 ms
GET /api/user/get-all-payment-method 304 144.981 ms
GET /api/user/get-address/6713cdac565856b74db1df71 304 72.087 ms
GET /api/user/get-all-payment-method 304 69.045 ms
POST /api/user/razorpay 200 205.716 ms
GET /api/user/get-address/6713cdac565856b74db1df71 304 74.772 ms
GET /api/user/get-all-payment-method 304 76.469 ms
POST /api/user/verify-payment 200 1480.482 ms
GET /api/user/get-all-payment-method 304 70.552 ms
GET /api/user/get-address/6713cdac565856b74db1df71 304 87.120 ms
DELETE /api/user/delete-all-cart 200 76.504 ms
GET /api/open/get-products?page=1&limit=8 200 74.446 ms
GET /api/open/details/67137ebc41aefd1567fe0207 304 21.463 ms
GET /api/open/get-tax 304 38.201 ms
GET /api/user/get-all-reviews/67137ebc41aefd1567fe0207 304 57.244 ms
GET /api/admin/all-orders-on-stat 304 43.432 ms
GET /api/admin/all-orders 304 102.077 ms
GET /api/admin/user/statistics 304 44.423 ms
GET /api/admin/products/count-by-material 304 29.040 ms
GET /api/open/details/67137df441aefd1567fe01f8 304 52.745 ms
GET /api/open/get-tax 304 51.877 ms
GET /api/user/get-all-reviews/67137df441aefd1567fe01f8 304 103.277 ms
GET /api/open/carousel 304 58.765 ms
GET /api/user/get-cart/6713cdac565856b74db1df71 304 117.008 ms
GET /api/open/get-products?page=1&limit=8 304 140.680 ms
GET /api/open/details/672ed7e84444a25864a1ea19 200 101.316 ms
GET /api/open/get-tax 304 95.506 ms
GET /api/user/get-all-reviews/672ed7e84444a25864a1ea19 304 143.959 ms
GET /api/open/details/67137ebc41aefd1567fe0207 304 75.191 ms
GET /api/open/get-tax 304 72.827 ms
GET /api/user/get-all-reviews/67137ebc41aefd1567fe0207 304 150.362 ms
GET /api/admin/all-orders-on-stat 409 0.302 ms
GET /api/admin/all-orders 409 0.209 ms
GET /api/admin/all-orders-on-stat 409 0.309 ms
GET /api/admin/all-orders 409 0.319 ms
GET /api/user/get-cart/null 409 8.925 ms
GET /api/open/carousel 304 192.355 ms
GET /api/open/get-products?page=1&limit=8 304 339.381 ms
GET /api/admin/all-user 304 39.254 ms
PUT /api/admin/block-user/6713cdac565856b74db1df71 200 79.083 ms
GET /api/admin/all-user 200 54.590 ms
GET /api/admin/all-user 304 63.214 ms
GET /api/open/carousel 304 39.016 ms
GET /api/user/get-cart/6713cdac565856b74db1df71 304 97.478 ms
GET /api/open/get-products?page=1&limit=8 304 255.358 ms
